0 info it worked if it ends with ok
1 verbose cli [ '/usr/local/Cellar/node/7.2.1/bin/node',
1 verbose cli   '/usr/local/bin/npm',
1 verbose cli   'test',
1 verbose cli   'test/wizard-test.js' ]
2 info using npm@3.10.9
3 info using node@v7.2.1
4 verbose config Skipping project config: /Users/krystinvilleneuve/.npmrc. (matches userconfig)
5 verbose stack Error: ENOENT: no such file or directory, open '/Users/krystinvilleneuve/package.json'
6 verbose cwd /Users/krystinvilleneuve/Documents/turing/static-comp-challenge/challenge1
7 error Darwin 16.1.0
8 error argv "/usr/local/Cellar/node/7.2.1/bin/node" "/usr/local/bin/npm" "test" "test/wizard-test.js"
9 error node v7.2.1
10 error npm  v3.10.9
11 error path /Users/krystinvilleneuve/package.json
12 error code ENOENT
13 error errno -2
14 error syscall open
15 error enoent ENOENT: no such file or directory, open '/Users/krystinvilleneuve/package.json'
16 error enoent ENOENT: no such file or directory, open '/Users/krystinvilleneuve/package.json'
16 error enoent This is most likely not a problem with npm itself
16 error enoent and is related to npm not being able to find a file.
17 verbose exit [ -2, true ]
